  y.tab.c
  util.c
d:\git\git\gitvs2\pascalcompiler\compilerpascal\util.c(20): warning C4996: 'strcpy': This function or variable may be unsafe. Consider using strcpy_s instead. To disable deprecation, use _CRT_SECURE_NO_WARNINGS. See online help for details.
  c:\program files (x86)\windows kits\10\include\10.0.10240.0\ucrt\string.h(119): note: 参见“strcpy”的声明
  types.c
  tree.c
  translate.c
d:\git\git\gitvs2\pascalcompiler\compilerpascal\translate.c(329): warning C4018: “<”: 有符号/无符号不匹配
d:\git\git\gitvs2\pascalcompiler\compilerpascal\translate.c(363): warning C4033: “Tr_RecordExp”必须返回值
d:\git\git\gitvs2\pascalcompiler\compilerpascal\translate.c(375): error C2297: “+=”: 非法，右操作数包含“U_intList”类型
d:\git\git\gitvs2\pascalcompiler\compilerpascal\translate.c(375): warning C4047: “+=”:“int”与“U_intList”的间接级别不同
  temp.c
d:\git\git\gitvs2\pascalcompiler\compilerpascal\temp.c(26): warning C4996: 'sprintf': This function or variable may be unsafe. Consider using sprintf_s instead. To disable deprecation, use _CRT_SECURE_NO_WARNINGS. See online help for details.
  c:\program files (x86)\windows kits\10\include\10.0.10240.0\ucrt\stdio.h(1769): note: 参见“sprintf”的声明
d:\git\git\gitvs2\pascalcompiler\compilerpascal\temp.c(41): warning C4996: 'sprintf': This function or variable may be unsafe. Consider using sprintf_s instead. To disable deprecation, use _CRT_SECURE_NO_WARNINGS. See online help for details.
  c:\program files (x86)\windows kits\10\include\10.0.10240.0\ucrt\stdio.h(1769): note: 参见“sprintf”的声明
  table.c
  symbol.c
d:\git\git\gitvs2\pascalcompiler\compilerpascal\symbol.c(14): warning C4996: 'strcpy': This function or variable may be unsafe. Consider using strcpy_s instead. To disable deprecation, use _CRT_SECURE_NO_WARNINGS. See online help for details.
  c:\program files (x86)\windows kits\10\include\10.0.10240.0\ucrt\string.h(119): note: 参见“strcpy”的声明
d:\git\git\gitvs2\pascalcompiler\compilerpascal\symbol.c(66): warning C4101: “t”: 未引用的局部变量
  semant.c
d:\git\git\gitvs2\pascalcompiler\compilerpascal\semant.c(838): warning C4133: “函数”: 从“A_ty”到“Type”的类型不兼容
d:\git\git\gitvs2\pascalcompiler\compilerpascal\semant.c(755): warning C4101: “tmpty”: 未引用的局部变量
d:\git\git\gitvs2\pascalcompiler\compilerpascal\semant.c(787): warning C4101: “fun”: 未引用的局部变量
  printtree.c
  prabsyn.c
  mipsframe.c
d:\git\git\gitvs2\pascalcompiler\compilerpascal\mipsframe.c(14): error C2143: 语法错误: 缺少“;”(在“}”的前面)
  main.c
  lex.yy.c
Pascal.l(123): warning C4996: 'sscanf': This function or variable may be unsafe. Consider using sscanf_s instead. To disable deprecation, use _CRT_SECURE_NO_WARNINGS. See online help for details.
  c:\program files (x86)\windows kits\10\include\10.0.10240.0\ucrt\stdio.h(2254): note: 参见“sscanf”的声明
Pascal.l(130): warning C4996: 'sscanf': This function or variable may be unsafe. Consider using sscanf_s instead. To disable deprecation, use _CRT_SECURE_NO_WARNINGS. See online help for details.
  c:\program files (x86)\windows kits\10\include\10.0.10240.0\ucrt\stdio.h(2254): note: 参见“sscanf”的声明
Pascal.l(143): warning C4996: 'sprintf': This function or variable may be unsafe. Consider using sprintf_s instead. To disable deprecation, use _CRT_SECURE_NO_WARNINGS. See online help for details.
  c:\program files (x86)\windows kits\10\include\10.0.10240.0\ucrt\stdio.h(1769): note: 参见“sprintf”的声明
lex.yy.c(1797): warning C4013: “isatty”未定义；假设外部返回 int
lex.yy.c(1797): warning C4996: 'fileno': The POSIX name for this item is deprecated. Instead, use the ISO C and C++ conformant name: _fileno. See online help for details.
  c:\program files (x86)\windows kits\10\include\10.0.10240.0\ucrt\stdio.h(2450): note: 参见“fileno”的声明
  escape.c
  errormsg.c
d:\git\git\gitvs2\pascalcompiler\compilerpascal\errormsg.c(62): warning C4996: 'fopen': This function or variable may be unsafe. Consider using fopen_s instead. To disable deprecation, use _CRT_SECURE_NO_WARNINGS. See online help for details.
  c:\program files (x86)\windows kits\10\include\10.0.10240.0\ucrt\stdio.h(205): note: 参见“fopen”的声明
  env.c
  canon.c
d:\git\git\gitvs2\pascalcompiler\compilerpascal\canon.c(93): warning C4047: “函数”:“T_exp *”与“*”的间接级别不同
d:\git\git\gitvs2\pascalcompiler\compilerpascal\canon.c(93): warning C4024: “ExpRefList”: 形参和实参 1 的类型不同
d:\git\git\gitvs2\pascalcompiler\compilerpascal\canon.c(122): warning C4047: “函数”:“T_exp *”与“*”的间接级别不同
d:\git\git\gitvs2\pascalcompiler\compilerpascal\canon.c(122): warning C4024: “ExpRefList”: 形参和实参 1 的类型不同
  absyn.c
  正在生成代码...
d:\git\git\gitvs2\pascalcompiler\compilerpascal\escape.c(16): warning C4716: “EscapeEntry”: 必须返回一个值
d:\git\git\gitvs2\pascalcompiler\compilerpascal\semant.c(89): warning C4715: “gettype”: 不是所有的控件路径都返回值
d:\git\git\gitvs2\pascalcompiler\compilerpascal\semant.c(154): warning C4715: “getSize”: 不是所有的控件路径都返回值
